[ 2024-01-21 09:07:42,077 ] 22 root - INFO - Data Read Succesfully from data\dataset_small.csv
[ 2024-01-21 09:07:42,077 ] 23 root - INFO - Initiating Data Ingestion Method
[ 2024-01-21 09:07:43,708 ] 26 root - INFO - Data Ingestion Method Completed
[ 2024-01-21 09:07:44,128 ] 28 root - INFO - Clean Data Saved to artifacts/cleaned_data/final_data.csv
[ 2024-01-21 09:07:44,538 ] 36 root - INFO - Training Dataset Saved at artifacts/cleaned_data/train_data.csv
[ 2024-01-21 09:07:44,648 ] 40 root - INFO - Testing Dataset Saved at artifacts/cleaned_data/test_data.csv
[ 2024-01-21 09:07:44,648 ] 41 root - INFO - Completed Data Ingestion Method
[ 2024-01-21 09:07:44,669 ] 26 root - INFO - Initiating Data Preprocessing
[ 2024-01-21 09:07:44,844 ] 35 root - INFO - Standardization Process Completed and Saved at artifacts/components/standard.joblib
[ 2024-01-21 09:07:45,157 ] 42 root - INFO - PCA Process Completed
[ 2024-01-21 09:07:45,158 ] 20 root - INFO - (43983, 20) (43983,)
[ 2024-01-21 09:07:45,161 ] 21 root - INFO - [[-0.51337614  0.96897908 -0.04396731 ... -0.42801631  0.29432694
  -0.10026296]
 [-0.12263179  1.01928066 -0.13192985 ...  0.52789615  0.21727882
   0.16336247]
 [ 0.73519429  2.11695685 -0.15376746 ... -0.13580571  0.54870481
  -0.15449165]
 ...
 [ 1.06287135  2.02119242  0.13217924 ... -0.22939352 -0.33275421
   0.24753163]
 [-1.0013782   0.59082961 -0.06199275 ... -0.26899732  0.17170917
   0.10104677]
 [-2.30703146 -1.53454787  0.19194433 ...  0.02398641  0.08414953
   0.01090633]]
[ 2024-01-21 09:07:45,162 ] 30 root - INFO - Model Training Initiated
