[ 2024-01-21 04:30:56,892 ] 22 root - INFO - Data Read Succesfully from /content/Phisihing-Url-Checker/data/dataset_small.csv
[ 2024-01-21 04:30:56,892 ] 23 root - INFO - Initiating Data Ingestion Method
[ 2024-01-21 04:30:58,428 ] 26 root - INFO - Data Ingestion Method Completed
[ 2024-01-21 04:30:58,768 ] 28 root - INFO - Clean Data Saved to artifacts/cleaned_data/final_data.csv
[ 2024-01-21 04:30:59,064 ] 36 root - INFO - Training Dataset Saved at artifacts/cleaned_data/train_data.csv
[ 2024-01-21 04:30:59,154 ] 40 root - INFO - Testing Dataset Saved at artifacts/cleaned_data/test_data.csv
[ 2024-01-21 04:30:59,155 ] 41 root - INFO - Completed Data Ingestion Method
[ 2024-01-21 04:30:59,155 ] 26 root - INFO - Initiating Data Preprocessing
[ 2024-01-21 04:30:59,264 ] 35 root - INFO - Standardization Process Completed and Saved at artifacts/components/standard.joblib
[ 2024-01-21 04:30:59,656 ] 42 root - INFO - PCA Process Completed
[ 2024-01-21 04:30:59,656 ] 20 root - INFO - (43983, 20) (43983,)
[ 2024-01-21 04:30:59,657 ] 21 root - INFO - [[-0.51337569  0.96897216 -0.04399794 ... -0.43116961  0.29277456
  -0.09934589]
 [-0.12263277  1.01928188 -0.13149725 ...  0.51340529  0.20338845
   0.15473898]
 [ 0.73519307  2.11698285 -0.1532933  ... -0.14349078  0.53858629
  -0.16415894]
 ...
 [ 1.06287075  2.02118721  0.13208675 ... -0.22139364 -0.33808359
   0.24378125]
 [-1.0013783   0.59081642 -0.06189815 ... -0.27674745  0.16076939
   0.10084119]
 [-2.30703203 -1.53454464  0.19209521 ...  0.02058544  0.07677596
   0.00666634]]
[ 2024-01-21 04:30:59,657 ] 30 root - INFO - Model Training Initiated
[ 2024-01-21 04:48:06,101 ] 33 root - INFO - Model Training Completed
[ 2024-01-21 04:48:06,132 ] 37 root - INFO - Test Data Loaded Successfully
[ 2024-01-21 04:48:06,134 ] 41 root - INFO - Standardization Model loaded Successfully
[ 2024-01-21 04:48:06,138 ] 45 root - INFO - PCA Model loaded Successfully
[ 2024-01-21 04:48:06,238 ] 52 root - INFO - Test Accuracy: 0.8899195198472242
