[ 2024-01-21 09:14:15,079 ] 22 root - INFO - Data Read Succesfully from data\dataset_small.csv
[ 2024-01-21 09:14:15,080 ] 23 root - INFO - Initiating Data Ingestion Method
[ 2024-01-21 09:14:16,603 ] 26 root - INFO - Data Ingestion Method Completed
[ 2024-01-21 09:14:17,015 ] 28 root - INFO - Clean Data Saved to artifacts/cleaned_data/final_data.csv
[ 2024-01-21 09:14:17,377 ] 36 root - INFO - Training Dataset Saved at artifacts/cleaned_data/train_data.csv
[ 2024-01-21 09:14:17,480 ] 40 root - INFO - Testing Dataset Saved at artifacts/cleaned_data/test_data.csv
[ 2024-01-21 09:14:17,481 ] 41 root - INFO - Completed Data Ingestion Method
[ 2024-01-21 09:14:17,504 ] 26 root - INFO - Initiating Data Preprocessing
[ 2024-01-21 09:14:17,671 ] 35 root - INFO - Standardization Process Completed and Saved at artifacts/components/standard.joblib
[ 2024-01-21 09:14:17,955 ] 42 root - INFO - PCA Process Completed
[ 2024-01-21 09:14:17,956 ] 20 root - INFO - (43983, 20) (43983,)
[ 2024-01-21 09:14:17,957 ] 21 root - INFO - [[-0.51337581  0.96896751 -0.04401405 ... -0.43009025  0.2936633
  -0.1059126 ]
 [-0.12262908  1.0192728  -0.13217121 ...  0.52623219  0.22033715
   0.15318386]
 [ 0.73519826  2.11694592 -0.15415612 ... -0.13638366  0.55136179
  -0.16979692]
 ...
 [ 1.06287064  2.02120716  0.13231752 ... -0.22229035 -0.33314867
   0.25852915]
 [-1.0013779   0.59082334 -0.06204382 ... -0.27111668  0.17104656
   0.09813601]
 [-2.30703056 -1.53454706  0.19187651 ...  0.02562453  0.08469281
   0.00949159]]
[ 2024-01-21 09:14:17,957 ] 30 root - INFO - Model Training Initiated
