[ 2024-01-21 18:08:22,733 ] 22 root - INFO - Data Read Succesfully from /content/Phishing/data/dataset_full.csv
[ 2024-01-21 18:08:22,733 ] 23 root - INFO - Initiating Data Ingestion Method
[ 2024-01-21 18:08:25,445 ] 26 root - INFO - Data Ingestion Method Completed
[ 2024-01-21 18:08:26,044 ] 29 root - INFO - Clean Data Saved to artifacts/cleaned_data/final_data.csv
[ 2024-01-21 18:08:26,548 ] 37 root - INFO - Training Dataset Saved at artifacts/cleaned_data/train_data.csv
[ 2024-01-21 18:08:26,699 ] 41 root - INFO - Testing Dataset Saved at artifacts/cleaned_data/test_data.csv
[ 2024-01-21 18:08:26,700 ] 42 root - INFO - Completed Data Ingestion Method
[ 2024-01-21 18:08:26,701 ] 26 root - INFO - Initiating Data Preprocessing
[ 2024-01-21 18:08:26,880 ] 35 root - INFO - Standardization Process Completed and Saved at artifacts/components/standard.joblib
[ 2024-01-21 18:08:27,656 ] 42 root - INFO - PCA Process Completed
[ 2024-01-21 18:08:27,657 ] 20 root - INFO - (66485, 20) (66485,)
[ 2024-01-21 18:08:27,658 ] 21 root - INFO - [[ 3.69652379  4.00206952 -1.34028439 ... -0.49142973 -0.21507762
  -3.18267387]
 [-1.47431853 -0.75233171  0.38865299 ... -0.06736869  0.4195035
   0.50109823]
 [-1.48075927 -0.75319094  0.38921812 ... -0.06660017  0.41984726
   0.50006507]
 ...
 [ 2.18401624  3.04500868 -1.88039072 ... -0.22883222  1.01533559
   0.19449963]
 [-1.56017391 -0.73057171  0.46036469 ...  0.19189238 -0.45748031
   0.3115693 ]
 [-1.4967447  -0.76414545  0.39962443 ... -0.04275954  0.42165167
   0.59676596]]
